<?xml version="1.0" encoding="UTF-8"?>
<!-- Generated by org.testng.reporters.JUnitReportReporter -->
<testsuite hostname="KishorE" name="testcases.TC002_LoginNegative" tests="4" failures="0" timestamp="9 Dec 2017 15:51:42 GMT" time="289.979" errors="0">
  <testcase name="loginFail" time="72.381" classname="testcases.TC002_LoginNegative"/>
  <testcase name="loginFail" time="72.564" classname="testcases.TC002_LoginNegative"/>
  <testcase name="loginFail" time="72.570" classname="testcases.TC002_LoginNegative"/>
  <testcase name="loginFail" time="72.464" classname="testcases.TC002_LoginNegative"/>
</testsuite> <!-- testcases.TC002_LoginNegative -->
