<?xml version="1.0" encoding="UTF-8"?>
<!-- Generated by org.testng.reporters.JUnitReportReporter -->
<testsuite hostname="KishorE" name="testcases.TC005_DuplicateLead" tests="1" failures="0" timestamp="14 Dec 2017 17:01:11 GMT" time="86.526" errors="0">
  <testcase name="editLeadTC" time="86.526" classname="testcases.TC005_DuplicateLead"/>
</testsuite> <!-- testcases.TC005_DuplicateLead -->
