<?xml version="1.0" encoding="UTF-8"?>
<!-- Generated by org.testng.reporters.JUnitReportReporter -->
<testsuite hostname="KishorE" name="testcases.TC001_LoginLogOut" tests="2" failures="0" timestamp="9 Dec 2017 15:51:42 GMT" time="151.272" errors="0">
  <testcase name="logInLogOut" time="75.947" classname="testcases.TC001_LoginLogOut"/>
  <testcase name="logInLogOut" time="75.325" classname="testcases.TC001_LoginLogOut"/>
</testsuite> <!-- testcases.TC001_LoginLogOut -->
