<?xml version="1.0" encoding="UTF-8"?>
<!-- Generated by org.testng.reporters.JUnitReportReporter -->
<testsuite hostname="KishorE" name="testcases.TC004_EditLead" tests="1" failures="0" timestamp="12 Dec 2017 17:33:39 GMT" time="24.725" errors="0">
  <testcase name="editLeadTC" time="24.725" classname="testcases.TC004_EditLead"/>
</testsuite> <!-- testcases.TC004_EditLead -->
